<?xml version="1.0" encoding="UTF-8"?>
<robot generator="Robot 6.1.1 (Python 3.12.0 on linux)" generated="20231120 04:56:25.613" rpa="false" schemaversion="4">
<suite id="s1" name="Valid Data" source="/home/paul/Desktop/SMG_Test/API/tests/valid_data.robot">
<test id="s1-t1" name="Valid" line="23">
<kw name="Verify Response valid Value">
<arg>Software testing</arg>
<arg>1</arg>
<kw name="Test Wikipedia Search Api" library="WikiAPILib">
<var>${response}</var>
<arg>${srsearch}</arg>
<arg>${sroffset}</arg>
<msg timestamp="20231120 04:56:26.607" level="INFO">${response} = &lt;Response [200]&gt;</msg>
<status status="PASS" starttime="20231120 04:56:25.682" endtime="20231120 04:56:26.607"/>
</kw>
<kw name="Verify Status Code" library="WikiAPILib">
<arg>${response.status_code}</arg>
<arg>200</arg>
<msg timestamp="20231120 04:56:26.608" level="INFO">Argument types are:
&lt;class 'int'&gt;
&lt;class 'str'&gt;</msg>
<msg timestamp="20231120 04:56:26.608" level="INFO">Status_code: 200
Expectation Status_code: 200</msg>
<status status="PASS" starttime="20231120 04:56:26.608" endtime="20231120 04:56:26.608"/>
</kw>
<kw name="Verify Search Successfully" library="WikiAPILib">
<arg>${sroffset}</arg>
<arg>${srsearch}</arg>
<arg>${response.content}</arg>
<msg timestamp="20231120 04:56:26.609" level="INFO">Length is 10</msg>
<status status="PASS" starttime="20231120 04:56:26.608" endtime="20231120 04:56:26.609"/>
</kw>
<status status="PASS" starttime="20231120 04:56:25.682" endtime="20231120 04:56:26.609"/>
</kw>
<status status="PASS" starttime="20231120 04:56:25.681" endtime="20231120 04:56:26.609"/>
</test>
<test id="s1-t2" name="Valid srsearch | sroffset=0" line="23">
<kw name="Verify Response valid Value">
<arg>Software testing</arg>
<arg>0</arg>
<kw name="Test Wikipedia Search Api" library="WikiAPILib">
<var>${response}</var>
<arg>${srsearch}</arg>
<arg>${sroffset}</arg>
<msg timestamp="20231120 04:56:27.291" level="INFO">${response} = &lt;Response [200]&gt;</msg>
<status status="PASS" starttime="20231120 04:56:26.611" endtime="20231120 04:56:27.291"/>
</kw>
<kw name="Verify Status Code" library="WikiAPILib">
<arg>${response.status_code}</arg>
<arg>200</arg>
<msg timestamp="20231120 04:56:27.292" level="INFO">Argument types are:
&lt;class 'int'&gt;
&lt;class 'str'&gt;</msg>
<msg timestamp="20231120 04:56:27.293" level="INFO">Status_code: 200
Expectation Status_code: 200</msg>
<status status="PASS" starttime="20231120 04:56:27.292" endtime="20231120 04:56:27.293"/>
</kw>
<kw name="Verify Search Successfully" library="WikiAPILib">
<arg>${sroffset}</arg>
<arg>${srsearch}</arg>
<arg>${response.content}</arg>
<msg timestamp="20231120 04:56:27.294" level="INFO">Length is 10</msg>
<status status="PASS" starttime="20231120 04:56:27.293" endtime="20231120 04:56:27.294"/>
</kw>
<status status="PASS" starttime="20231120 04:56:26.610" endtime="20231120 04:56:27.294"/>
</kw>
<status status="PASS" starttime="20231120 04:56:26.610" endtime="20231120 04:56:27.294"/>
</test>
<test id="s1-t3" name="Valid srsearch | sroffset=9999" line="23">
<kw name="Verify Response valid Value">
<arg>Software testing</arg>
<arg>9999</arg>
<kw name="Test Wikipedia Search Api" library="WikiAPILib">
<var>${response}</var>
<arg>${srsearch}</arg>
<arg>${sroffset}</arg>
<msg timestamp="20231120 04:56:27.939" level="INFO">${response} = &lt;Response [200]&gt;</msg>
<status status="PASS" starttime="20231120 04:56:27.297" endtime="20231120 04:56:27.939"/>
</kw>
<kw name="Verify Status Code" library="WikiAPILib">
<arg>${response.status_code}</arg>
<arg>200</arg>
<msg timestamp="20231120 04:56:27.940" level="INFO">Argument types are:
&lt;class 'int'&gt;
&lt;class 'str'&gt;</msg>
<msg timestamp="20231120 04:56:27.940" level="INFO">Status_code: 200
Expectation Status_code: 200</msg>
<status status="PASS" starttime="20231120 04:56:27.939" endtime="20231120 04:56:27.940"/>
</kw>
<kw name="Verify Search Successfully" library="WikiAPILib">
<arg>${sroffset}</arg>
<arg>${srsearch}</arg>
<arg>${response.content}</arg>
<msg timestamp="20231120 04:56:27.942" level="INFO">Length is 1</msg>
<status status="PASS" starttime="20231120 04:56:27.941" endtime="20231120 04:56:27.942"/>
</kw>
<status status="PASS" starttime="20231120 04:56:27.296" endtime="20231120 04:56:27.942"/>
</kw>
<status status="PASS" starttime="20231120 04:56:27.295" endtime="20231120 04:56:27.942"/>
</test>
<status status="PASS" starttime="20231120 04:56:25.614" endtime="20231120 04:56:27.943"/>
</suite>
<statistics>
<total>
<stat pass="3" fail="0" skip="0">All Tests</stat>
</total>
<tag>
</tag>
<suite>
<stat pass="3" fail="0" skip="0" id="s1" name="Valid Data">Valid Data</stat>
</suite>
</statistics>
<errors>
</errors>
</robot>
